c:\users\jinya\desktop\school\year3\sem3\csd 3150\a2\sample+framework\ass3\release\vc143.pdb
c:\users\jinya\desktop\school\year3\sem3\csd 3150\a2\sample+framework\ass3\release\intersection.obj
c:\users\jinya\desktop\school\year3\sem3\csd 3150\a2\sample+framework\ass3\release\glapplication.obj
c:\users\jinya\desktop\school\year3\sem3\csd 3150\a2\sample+framework\ass3\release\assignmentscene.obj
c:\users\jinya\desktop\school\year3\sem3\csd 3150\a2\sample+framework\ass3\release\shader.obj
c:\users\jinya\desktop\school\year3\sem3\csd 3150\a2\sample+framework\ass3\release\scene.obj
c:\users\jinya\desktop\school\year3\sem3\csd 3150\a2\sample+framework\ass3\release\quickhull.obj
c:\users\jinya\desktop\school\year3\sem3\csd 3150\a2\sample+framework\ass3\release\imgui_widgets.obj
c:\users\jinya\desktop\school\year3\sem3\csd 3150\a2\sample+framework\ass3\release\imgui_tables.obj
c:\users\jinya\desktop\school\year3\sem3\csd 3150\a2\sample+framework\ass3\release\imgui_impl_opengl3.obj
c:\users\jinya\desktop\school\year3\sem3\csd 3150\a2\sample+framework\ass3\release\imgui_impl_glfw.obj
c:\users\jinya\desktop\school\year3\sem3\csd 3150\a2\sample+framework\ass3\release\imgui_draw.obj
c:\users\jinya\desktop\school\year3\sem3\csd 3150\a2\sample+framework\ass3\release\imgui_demo.obj
c:\users\jinya\desktop\school\year3\sem3\csd 3150\a2\sample+framework\ass3\release\imgui.obj
c:\users\jinya\desktop\school\year3\sem3\csd 3150\a2\sample+framework\release\ass3.exe
c:\users\jinya\desktop\school\year3\sem3\csd 3150\a2\sample+framework\ass3\release\ass3.ipdb
c:\users\jinya\desktop\school\year3\sem3\csd 3150\a2\sample+framework\ass3\release\ass3.iobj
c:\users\jinya\desktop\school\year3\sem3\csd 3150\a2\sample+framework\release\ass3.pdb
c:\users\jinya\desktop\school\year3\sem3\csd 3150\a2\sample+framework\ass3\release\ass3.tlog\cl.command.1.tlog
c:\users\jinya\desktop\school\year3\sem3\csd 3150\a2\sample+framework\ass3\release\ass3.tlog\cl.read.1.tlog
c:\users\jinya\desktop\school\year3\sem3\csd 3150\a2\sample+framework\ass3\release\ass3.tlog\cl.write.1.tlog
c:\users\jinya\desktop\school\year3\sem3\csd 3150\a2\sample+framework\ass3\release\ass3.tlog\link.command.1.tlog
c:\users\jinya\desktop\school\year3\sem3\csd 3150\a2\sample+framework\ass3\release\ass3.tlog\link.read.1.tlog
c:\users\jinya\desktop\school\year3\sem3\csd 3150\a2\sample+framework\ass3\release\ass3.tlog\link.write.1.tlog
